Info: Starting: Create block symbol file (.bsf)
Info: qsys-generate /home/hub/Desktop/dev/fpga-Cyclone/blinky_archive/nios_II.qsys --block-symbol-file --output-directory=/home/hub/Desktop/dev/fpga-Cyclone/blinky_archive/nios_II --family="Cyclone 10 LP" --part=10CL025YU256C8G
Progress: Loading blinky_archive/nios_II.qsys
Progress: Reading input file
Progress: Adding clk_0 [clock_source 18.1]
Progress: Parameterizing module clk_0
Progress: Adding jtag_uart_0 [altera_avalon_jtag_uart 18.1]
Progress: Parameterizing module jtag_uart_0
Progress: Adding nios2_gen2_0 [altera_nios2_gen2 18.1]
Progress: Parameterizing module nios2_gen2_0
Progress: Adding onchip_memory2_0 [altera_avalon_onchip_memory2 18.1]
Progress: Parameterizing module onchip_memory2_0
Progress: Building connections
Progress: Parameterizing connections
Progress: Validating
Progress: Done reading input file
Info: nios_II.jtag_uart_0: JTAG UART IP input clock need to be at least double (2x) the operating frequency of JTAG TCK on board
Info: qsys-generate succeeded.
Info: Finished: Create block symbol file (.bsf)
Info: 
Info: Starting: Create HDL design files for synthesis
Info: qsys-generate /home/hub/Desktop/dev/fpga-Cyclone/blinky_archive/nios_II.qsys --synthesis=VERILOG --output-directory=/home/hub/Desktop/dev/fpga-Cyclone/blinky_archive/nios_II/synthesis --family="Cyclone 10 LP" --part=10CL025YU256C8G
Progress: Loading blinky_archive/nios_II.qsys
Progress: Reading input file
Progress: Adding clk_0 [clock_source 18.1]
Progress: Parameterizing module clk_0
Progress: Adding jtag_uart_0 [altera_avalon_jtag_uart 18.1]
Progress: Parameterizing module jtag_uart_0
Progress: Adding nios2_gen2_0 [altera_nios2_gen2 18.1]
Progress: Parameterizing module nios2_gen2_0
Progress: Adding onchip_memory2_0 [altera_avalon_onchip_memory2 18.1]
Progress: Parameterizing module onchip_memory2_0
Progress: Building connections
Progress: Parameterizing connections
Progress: Validating
Progress: Done reading input file
Info: nios_II.jtag_uart_0: JTAG UART IP input clock need to be at least double (2x) the operating frequency of JTAG TCK on board
Info: nios_II: Generating nios_II "nios_II" for QUARTUS_SYNTH
Info: jtag_uart_0: Starting RTL generation for module 'nios_II_jtag_uart_0'
Info: jtag_uart_0:   Generation command is [exec /home/hub/intelFPGA_lite/18.1/quartus/linux64/perl/bin/perl -I /home/hub/intelFPGA_lite/18.1/quartus/linux64/perl/lib -I /home/hub/intelFPGA_lite/18.1/quartus/sopc_builder/bin/europa -I /home/hub/intelFPGA_lite/18.1/quartus/sopc_builder/bin/perl_lib -I /home/hub/intelFPGA_lite/18.1/quartus/sopc_builder/bin -I /home/hub/intelFPGA_lite/18.1/quartus/../ip/altera/sopc_builder_ip/common -I /home/hub/intelFPGA_lite/18.1/quartus/../ip/altera/sopc_builder_ip/altera_avalon_jtag_uart -- /home/hub/intelFPGA_lite/18.1/quartus/../ip/altera/sopc_builder_ip/altera_avalon_jtag_uart/generate_rtl.pl --name=nios_II_jtag_uart_0 --dir=/tmp/alt8155_6815242604914408058.dir/0002_jtag_uart_0_gen/ --quartus_dir=/home/hub/intelFPGA_lite/18.1/quartus --verilog --config=/tmp/alt8155_6815242604914408058.dir/0002_jtag_uart_0_gen//nios_II_jtag_uart_0_component_configuration.pl  --do_build_sim=0  ]
Info: jtag_uart_0: Done RTL generation for module 'nios_II_jtag_uart_0'
Info: jtag_uart_0: "nios_II" instantiated altera_avalon_jtag_uart "jtag_uart_0"
Info: nios2_gen2_0: "nios_II" instantiated altera_nios2_gen2 "nios2_gen2_0"
Info: onchip_memory2_0: Starting RTL generation for module 'nios_II_onchip_memory2_0'
Info: onchip_memory2_0:   Generation command is [exec /home/hub/intelFPGA_lite/18.1/quartus/linux64/perl/bin/perl -I /home/hub/intelFPGA_lite/18.1/quartus/linux64/perl/lib -I /home/hub/intelFPGA_lite/18.1/quartus/sopc_builder/bin/europa -I /home/hub/intelFPGA_lite/18.1/quartus/sopc_builder/bin/perl_lib -I /home/hub/intelFPGA_lite/18.1/quartus/sopc_builder/bin -I /home/hub/intelFPGA_lite/18.1/quartus/../ip/altera/sopc_builder_ip/common -I /home/hub/intelFPGA_lite/18.1/quartus/../ip/altera/sopc_builder_ip/altera_avalon_onchip_memory2 -- /home/hub/intelFPGA_lite/18.1/quartus/../ip/altera/sopc_builder_ip/altera_avalon_onchip_memory2/generate_rtl.pl --name=nios_II_onchip_memory2_0 --dir=/tmp/alt8155_6815242604914408058.dir/0003_onchip_memory2_0_gen/ --quartus_dir=/home/hub/intelFPGA_lite/18.1/quartus --verilog --config=/tmp/alt8155_6815242604914408058.dir/0003_onchip_memory2_0_gen//nios_II_onchip_memory2_0_component_configuration.pl  --do_build_sim=0  ]
Info: onchip_memory2_0: Done RTL generation for module 'nios_II_onchip_memory2_0'
Info: onchip_memory2_0: "nios_II" instantiated altera_avalon_onchip_memory2 "onchip_memory2_0"
Info: avalon_st_adapter: Inserting error_adapter: error_adapter_0
Info: avalon_st_adapter_001: Inserting error_adapter: error_adapter_0
Info: avalon_st_adapter_002: Inserting error_adapter: error_adapter_0
Info: mm_interconnect_0: "nios_II" instantiated altera_mm_interconnect "mm_interconnect_0"
Info: irq_mapper: "nios_II" instantiated altera_irq_mapper "irq_mapper"
Info: rst_controller: "nios_II" instantiated altera_reset_controller "rst_controller"
Info: cpu: Starting RTL generation for module 'nios_II_nios2_gen2_0_cpu'
Info: cpu:   Generation command is [exec /home/hub/intelFPGA_lite/18.1/quartus/linux64//eperlcmd -I /home/hub/intelFPGA_lite/18.1/quartus/linux64//perl/lib -I /home/hub/intelFPGA_lite/18.1/quartus/sopc_builder/bin/europa -I /home/hub/intelFPGA_lite/18.1/quartus/sopc_builder/bin/perl_lib -I /home/hub/intelFPGA_lite/18.1/quartus/sopc_builder/bin -I /home/hub/intelFPGA_lite/18.1/quartus/../ip/altera/nios2_ip/altera_nios2_gen2/cpu_lib -I /home/hub/intelFPGA_lite/18.1/quartus/../ip/altera/nios2_ip/altera_nios2_gen2/nios_lib -I /home/hub/intelFPGA_lite/18.1/quartus/../ip/altera/nios2_ip/altera_nios2_gen2 -I /home/hub/intelFPGA_lite/18.1/quartus/../ip/altera/nios2_ip/altera_nios2_gen2 -- /home/hub/intelFPGA_lite/18.1/quartus/../ip/altera/nios2_ip/altera_nios2_gen2/generate_rtl.epl --name=nios_II_nios2_gen2_0_cpu --dir=/tmp/alt8155_6815242604914408058.dir/0006_cpu_gen/ --quartus_bindir=/home/hub/intelFPGA_lite/18.1/quartus/linux64/ --verilog --config=/tmp/alt8155_6815242604914408058.dir/0006_cpu_gen//nios_II_nios2_gen2_0_cpu_processor_configuration.pl  --do_build_sim=0  ]
Info: cpu: # 2019.09.16 16:58:46 (*) Starting Nios II generation
Info: cpu: # 2019.09.16 16:58:46 (*)   Checking for plaintext license.
Info: cpu: # 2019.09.16 16:58:47 (*)   Couldn't query license setup in Quartus directory /home/hub/intelFPGA_lite/18.1/quartus/linux64/
Info: cpu: # 2019.09.16 16:58:47 (*)   Defaulting to contents of LM_LICENSE_FILE environment variable
Info: cpu: # 2019.09.16 16:58:47 (*)   LM_LICENSE_FILE environment variable is empty
Info: cpu: # 2019.09.16 16:58:47 (*)   Plaintext license not found.
Info: cpu: # 2019.09.16 16:58:47 (*)   Checking for encrypted license (non-evaluation).
Info: cpu: # 2019.09.16 16:58:47 (*)   Couldn't query license setup in Quartus directory /home/hub/intelFPGA_lite/18.1/quartus/linux64/
Info: cpu: # 2019.09.16 16:58:47 (*)   Defaulting to contents of LM_LICENSE_FILE environment variable
Info: cpu: # 2019.09.16 16:58:47 (*)   LM_LICENSE_FILE environment variable is empty
Info: cpu: # 2019.09.16 16:58:47 (*)   Encrypted license not found.  Defaulting to OCP evaluation license (produces a time-limited SOF)
Info: cpu: # 2019.09.16 16:58:47 (*)   Elaborating CPU configuration settings
Info: cpu: # 2019.09.16 16:58:47 (*)   Creating all objects for CPU
Info: cpu: # 2019.09.16 16:58:47 (*)     Testbench
Info: cpu: # 2019.09.16 16:58:47 (*)     Instruction decoding
Info: cpu: # 2019.09.16 16:58:47 (*)       Instruction fields
Info: cpu: # 2019.09.16 16:58:48 (*)       Instruction decodes
Info: cpu: # 2019.09.16 16:58:48 (*)       Signals for RTL simulation waveforms
Info: cpu: # 2019.09.16 16:58:48 (*)       Instruction controls
Info: cpu: # 2019.09.16 16:58:48 (*)     Pipeline frontend
Info: cpu: # 2019.09.16 16:58:48 (*)     Pipeline backend
Info: cpu: # 2019.09.16 16:58:50 (*)   Generating RTL from CPU objects
Info: cpu: # 2019.09.16 16:58:52 (*)   Creating encrypted RTL
Info: cpu: # 2019.09.16 16:58:53 (*) Done Nios II generation
Info: cpu: Done RTL generation for module 'nios_II_nios2_gen2_0_cpu'
Info: cpu: "nios2_gen2_0" instantiated altera_nios2_gen2_unit "cpu"
Info: nios2_gen2_0_data_master_translator: "mm_interconnect_0" instantiated altera_merlin_master_translator "nios2_gen2_0_data_master_translator"
Info: jtag_uart_0_avalon_jtag_slave_translator: "mm_interconnect_0" instantiated altera_merlin_slave_translator "jtag_uart_0_avalon_jtag_slave_translator"
Info: nios2_gen2_0_data_master_agent: "mm_interconnect_0" instantiated altera_merlin_master_agent "nios2_gen2_0_data_master_agent"
Info: jtag_uart_0_avalon_jtag_slave_agent: "mm_interconnect_0" instantiated altera_merlin_slave_agent "jtag_uart_0_avalon_jtag_slave_agent"
Info: jtag_uart_0_avalon_jtag_slave_agent_rsp_fifo: "mm_interconnect_0" instantiated altera_avalon_sc_fifo "jtag_uart_0_avalon_jtag_slave_agent_rsp_fifo"
Info: router: "mm_interconnect_0" instantiated altera_merlin_router "router"
Info: router_001: "mm_interconnect_0" instantiated altera_merlin_router "router_001"
Info: router_002: "mm_interconnect_0" instantiated altera_merlin_router "router_002"
Info: router_003: "mm_interconnect_0" instantiated altera_merlin_router "router_003"
Info: nios2_gen2_0_data_master_limiter: "mm_interconnect_0" instantiated altera_merlin_traffic_limiter "nios2_gen2_0_data_master_limiter"
Info: Reusing file /home/hub/Desktop/dev/fpga-Cyclone/blinky_archive/nios_II/synthesis/submodules/altera_avalon_sc_fifo.v
Info: cmd_demux: "mm_interconnect_0" instantiated altera_merlin_demultiplexer "cmd_demux"
Info: cmd_demux_001: "mm_interconnect_0" instantiated altera_merlin_demultiplexer "cmd_demux_001"
Info: cmd_mux: "mm_interconnect_0" instantiated altera_merlin_multiplexer "cmd_mux"
Info: cmd_mux_001: "mm_interconnect_0" instantiated altera_merlin_multiplexer "cmd_mux_001"
Info: Reusing file /home/hub/Desktop/dev/fpga-Cyclone/blinky_archive/nios_II/synthesis/submodules/altera_merlin_arbitrator.sv
Info: rsp_demux: "mm_interconnect_0" instantiated altera_merlin_demultiplexer "rsp_demux"
Info: rsp_demux_001: "mm_interconnect_0" instantiated altera_merlin_demultiplexer "rsp_demux_001"
Info: rsp_mux: "mm_interconnect_0" instantiated altera_merlin_multiplexer "rsp_mux"
Info: Reusing file /home/hub/Desktop/dev/fpga-Cyclone/blinky_archive/nios_II/synthesis/submodules/altera_merlin_arbitrator.sv
Info: rsp_mux_001: "mm_interconnect_0" instantiated altera_merlin_multiplexer "rsp_mux_001"
Info: Reusing file /home/hub/Desktop/dev/fpga-Cyclone/blinky_archive/nios_II/synthesis/submodules/altera_merlin_arbitrator.sv
Info: avalon_st_adapter: "mm_interconnect_0" instantiated altera_avalon_st_adapter "avalon_st_adapter"
Info: error_adapter_0: "avalon_st_adapter" instantiated error_adapter "error_adapter_0"
Info: nios_II: Done "nios_II" with 28 modules, 48 files
Info: qsys-generate succeeded.
Info: Finished: Create HDL design files for synthesis
